2024-05-30 22:47:35 14236 [Note] Plugin 'FEDERATED' is disabled.
2024-05-30 22:47:35 14236 [Note] InnoDB: The InnoDB memory heap is disabled
2024-05-30 22:47:35 14236 [Note] InnoDB: Mutexes and rw_locks use Windows interlocked functions
2024-05-30 22:47:35 14236 [Note] InnoDB: Compressed tables use zlib 1.2.3
2024-05-30 22:47:35 14236 [Note] InnoDB: Not using CPU crc32 instructions
2024-05-30 22:47:35 14236 [Note] InnoDB: Initializing buffer pool, size = 128.0M
2024-05-30 22:47:35 14236 [Note] InnoDB: Completed initialization of buffer pool
2024-05-30 22:47:36 14236 [Note] InnoDB: Highest supported file format is Barracuda.
2024-05-30 22:47:36 14236 [Note] InnoDB: The log sequence numbers 1626134 and 1626134 in ibdata files do not match the log sequence number 1644430 in the ib_logfiles!
2024-05-30 22:47:36 14236 [Note] InnoDB: Database was not shutdown normally!
2024-05-30 22:47:36 14236 [Note] InnoDB: Starting crash recovery.
2024-05-30 22:47:36 14236 [Note] InnoDB: Reading tablespace information from the .ibd files...
2024-05-30 22:47:36 14236 [Note] InnoDB: Restoring possible half-written data pages 
2024-05-30 22:47:36 14236 [Note] InnoDB: from the doublewrite buffer...
2024-05-30 22:47:36 14236 [Note] InnoDB: 128 rollback segment(s) are active.
2024-05-30 22:47:36 14236 [Note] InnoDB: Waiting for purge to start
2024-05-30 22:47:36 14236 [Note] InnoDB: 5.6.13 started; log sequence number 1644430
2024-05-30 22:47:36 14236 [Note] Server hostname (bind-address): '*'; port: 3307
2024-05-30 22:47:36 14236 [Note] IPv6 is available.
2024-05-30 22:47:36 14236 [Note]   - '::' resolves to '::';
2024-05-30 22:47:36 14236 [Note] Server socket created on IP: '::'.
2024-05-30 22:53:09 8480 [Note] Plugin 'FEDERATED' is disabled.
2024-05-30 22:53:09 8480 [Note] InnoDB: The InnoDB memory heap is disabled
2024-05-30 22:53:09 8480 [Note] InnoDB: Mutexes and rw_locks use Windows interlocked functions
2024-05-30 22:53:09 8480 [Note] InnoDB: Compressed tables use zlib 1.2.3
2024-05-30 22:53:09 8480 [Note] InnoDB: Not using CPU crc32 instructions
2024-05-30 22:53:09 8480 [Note] InnoDB: Initializing buffer pool, size = 128.0M
2024-05-30 22:53:09 8480 [Note] InnoDB: Completed initialization of buffer pool
2024-05-30 22:53:09 8480 [Note] InnoDB: Highest supported file format is Barracuda.
2024-05-30 22:53:09 8480 [Note] InnoDB: The log sequence numbers 1626134 and 1626134 in ibdata files do not match the log sequence number 1644440 in the ib_logfiles!
2024-05-30 22:53:09 8480 [Note] InnoDB: Database was not shutdown normally!
2024-05-30 22:53:09 8480 [Note] InnoDB: Starting crash recovery.
2024-05-30 22:53:09 8480 [Note] InnoDB: Reading tablespace information from the .ibd files...
2024-05-30 22:53:09 8480 [Note] InnoDB: Restoring possible half-written data pages 
2024-05-30 22:53:09 8480 [Note] InnoDB: from the doublewrite buffer...
2024-05-30 22:53:10 8480 [Note] InnoDB: 128 rollback segment(s) are active.
2024-05-30 22:53:10 8480 [Note] InnoDB: Waiting for purge to start
2024-05-30 22:53:10 8480 [Note] InnoDB: 5.6.13 started; log sequence number 1644440
2024-05-30 22:53:10 8480 [Note] Server hostname (bind-address): '*'; port: 3307
2024-05-30 22:53:10 8480 [Note] IPv6 is available.
2024-05-30 22:53:10 8480 [Note]   - '::' resolves to '::';
2024-05-30 22:53:10 8480 [Note] Server socket created on IP: '::'.
2024-05-30 22:55:42 7040 [Note] Plugin 'FEDERATED' is disabled.
2024-05-30 22:55:42 7040 [Note] InnoDB: The InnoDB memory heap is disabled
2024-05-30 22:55:42 7040 [Note] InnoDB: Mutexes and rw_locks use Windows interlocked functions
2024-05-30 22:55:42 7040 [Note] InnoDB: Compressed tables use zlib 1.2.3
2024-05-30 22:55:42 7040 [Note] InnoDB: Not using CPU crc32 instructions
2024-05-30 22:55:42 7040 [Note] InnoDB: Initializing buffer pool, size = 128.0M
2024-05-30 22:55:42 7040 [Note] InnoDB: Completed initialization of buffer pool
2024-05-30 22:55:42 7040 [Note] InnoDB: Highest supported file format is Barracuda.
2024-05-30 22:55:42 7040 [Note] InnoDB: The log sequence numbers 1626134 and 1626134 in ibdata files do not match the log sequence number 1644450 in the ib_logfiles!
2024-05-30 22:55:42 7040 [Note] InnoDB: Database was not shutdown normally!
2024-05-30 22:55:42 7040 [Note] InnoDB: Starting crash recovery.
2024-05-30 22:55:42 7040 [Note] InnoDB: Reading tablespace information from the .ibd files...
2024-05-30 22:55:42 7040 [Note] InnoDB: Restoring possible half-written data pages 
2024-05-30 22:55:42 7040 [Note] InnoDB: from the doublewrite buffer...
2024-05-30 22:55:42 7040 [Note] InnoDB: 128 rollback segment(s) are active.
2024-05-30 22:55:42 7040 [Note] InnoDB: Waiting for purge to start
2024-05-30 22:55:42 7040 [Note] InnoDB: 5.6.13 started; log sequence number 1644450
2024-05-30 22:55:42 7040 [Note] Server hostname (bind-address): '*'; port: 3307
2024-05-30 22:55:42 7040 [Note] IPv6 is available.
2024-05-30 22:55:42 7040 [Note]   - '::' resolves to '::';
2024-05-30 22:55:42 7040 [Note] Server socket created on IP: '::'.
2024-05-31 21:23:54 6344 [Note] Plugin 'FEDERATED' is disabled.
2024-05-31 21:23:54 6344 [Note] InnoDB: The InnoDB memory heap is disabled
2024-05-31 21:23:54 6344 [Note] InnoDB: Mutexes and rw_locks use Windows interlocked functions
2024-05-31 21:23:54 6344 [Note] InnoDB: Compressed tables use zlib 1.2.3
2024-05-31 21:23:54 6344 [Note] InnoDB: Not using CPU crc32 instructions
2024-05-31 21:23:54 6344 [Note] InnoDB: Initializing buffer pool, size = 128.0M
2024-05-31 21:23:54 6344 [Note] InnoDB: Completed initialization of buffer pool
2024-05-31 21:23:54 6344 [ERROR] InnoDB: C:\Users\khalidov.rashid\Desktop\Eindwerk final Rashid\Eindwerk-schoenenwinkel\USBWebserver v8.6 eindwerk\USBWebserver v8.6 eindwerk\mysql\data\ibdata1 can't be opened in read-write mode
2024-05-31 21:23:54 6344 [ERROR] InnoDB: The system tablespace must be writable!
2024-05-31 21:23:54 6344 [ERROR] Plugin 'InnoDB' init function returned error.
2024-05-31 21:23:54 6344 [ERROR] Plugin 'InnoDB' registration as a STORAGE ENGINE failed.
2024-05-31 21:23:54 6344 [ERROR] Unknown/unsupported storage engine: InnoDB
2024-05-31 21:23:54 6344 [ERROR] Aborting

2024-05-31 21:23:54 6344 [Note] Binlog end
2024-05-31 21:23:54 6344 [Note] Shutting down plugin 'partition'
2024-05-31 21:23:54 6344 [Note] Shutting down plugin 'PERFORMANCE_SCHEMA'
2024-05-31 21:23:54 6344 [Note] Shutting down plugin 'INNODB_SYS_DATAFILES'
2024-05-31 21:23:54 6344 [Note] Shutting down plugin 'INNODB_SYS_TABLESPACES'
2024-05-31 21:23:54 6344 [Note] Shutting down plugin 'INNODB_SYS_FOREIGN_COLS'
2024-05-31 21:23:54 6344 [Note] Shutting down plugin 'INNODB_SYS_FOREIGN'
2024-05-31 21:23:54 6344 [Note] Shutting down plugin 'INNODB_SYS_FIELDS'
2024-05-31 21:23:54 6344 [Note] Shutting down plugin 'INNODB_SYS_COLUMNS'
2024-05-31 21:23:54 6344 [Note] Shutting down plugin 'INNODB_SYS_INDEXES'
2024-05-31 21:23:54 6344 [Note] Shutting down plugin 'INNODB_SYS_TABLESTATS'
2024-05-31 21:23:54 6344 [Note] Shutting down plugin 'INNODB_SYS_TABLES'
2024-05-31 21:23:54 6344 [Note] Shutting down plugin 'INNODB_FT_INDEX_TABLE'
2024-05-31 21:23:54 6344 [Note] Shutting down plugin 'INNODB_FT_INDEX_CACHE'
2024-05-31 21:23:54 6344 [Note] Shutting down plugin 'INNODB_FT_CONFIG'
2024-05-31 21:23:54 6344 [Note] Shutting down plugin 'INNODB_FT_BEING_DELETED'
2024-05-31 21:23:54 6344 [Note] Shutting down plugin 'INNODB_FT_DELETED'
2024-05-31 21:23:54 6344 [Note] Shutting down plugin 'INNODB_FT_DEFAULT_STOPWORD'
2024-05-31 21:23:54 6344 [Note] Shutting down plugin 'INNODB_METRICS'
2024-05-31 21:23:54 6344 [Note] Shutting down plugin 'INNODB_BUFFER_POOL_STATS'
2024-05-31 21:23:54 6344 [Note] Shutting down plugin 'INNODB_BUFFER_PAGE_LRU'
2024-05-31 21:23:54 6344 [Note] Shutting down plugin 'INNODB_BUFFER_PAGE'
2024-05-31 21:23:54 6344 [Note] Shutting down plugin 'INNODB_CMP_PER_INDEX_RESET'
2024-05-31 21:23:54 6344 [Note] Shutting down plugin 'INNODB_CMP_PER_INDEX'
2024-05-31 21:23:54 6344 [Note] Shutting down plugin 'INNODB_CMPMEM_RESET'
2024-05-31 21:23:54 6344 [Note] Shutting down plugin 'INNODB_CMPMEM'
2024-05-31 21:23:54 6344 [Note] Shutting down plugin 'INNODB_CMP_RESET'
2024-05-31 21:23:54 6344 [Note] Shutting down plugin 'INNODB_CMP'
2024-05-31 21:23:54 6344 [Note] Shutting down plugin 'INNODB_LOCK_WAITS'
2024-05-31 21:23:54 6344 [Note] Shutting down plugin 'INNODB_LOCKS'
2024-05-31 21:23:54 6344 [Note] Shutting down plugin 'INNODB_TRX'
2024-05-31 21:23:54 6344 [Note] Shutting down plugin 'BLACKHOLE'
2024-05-31 21:23:54 6344 [Note] Shutting down plugin 'ARCHIVE'
2024-05-31 21:23:54 6344 [Note] Shutting down plugin 'MRG_MYISAM'
2024-05-31 21:23:54 6344 [Note] Shutting down plugin 'MyISAM'
2024-05-31 21:23:54 6344 [Note] Shutting down plugin 'MEMORY'
2024-05-31 21:23:54 6344 [Note] Shutting down plugin 'CSV'
2024-05-31 21:23:54 6344 [Note] Shutting down plugin 'sha256_password'
2024-05-31 21:23:54 6344 [Note] Shutting down plugin 'mysql_old_password'
2024-05-31 21:23:54 6344 [Note] Shutting down plugin 'mysql_native_password'
2024-05-31 21:23:54 6344 [Note] Shutting down plugin 'binlog'
2024-05-31 21:23:54 6344 [Note] C:\Users\khalidov.rashid\Desktop\Eindwerk final Rashid\Eindwerk-schoenenwinkel\USBWebserver v8.6 eindwerk\USBWebserver v8.6 eindwerk/mysql/bin/mysqld_usbwv8.exe: Shutdown complete

2024-05-31 22:03:01 18312 [Note] Plugin 'FEDERATED' is disabled.
2024-05-31 22:03:01 18312 [Note] InnoDB: The InnoDB memory heap is disabled
2024-05-31 22:03:01 18312 [Note] InnoDB: Mutexes and rw_locks use Windows interlocked functions
2024-05-31 22:03:01 18312 [Note] InnoDB: Compressed tables use zlib 1.2.3
2024-05-31 22:03:01 18312 [Note] InnoDB: Not using CPU crc32 instructions
2024-05-31 22:03:01 18312 [Note] InnoDB: Initializing buffer pool, size = 128.0M
2024-05-31 22:03:01 18312 [Note] InnoDB: Completed initialization of buffer pool
2024-05-31 22:03:01 18312 [Note] InnoDB: Highest supported file format is Barracuda.
2024-05-31 22:03:01 18312 [Note] InnoDB: The log sequence numbers 1626134 and 1626134 in ibdata files do not match the log sequence number 1653938 in the ib_logfiles!
2024-05-31 22:03:01 18312 [Note] InnoDB: Database was not shutdown normally!
2024-05-31 22:03:01 18312 [Note] InnoDB: Starting crash recovery.
2024-05-31 22:03:01 18312 [Note] InnoDB: Reading tablespace information from the .ibd files...
2024-05-31 22:03:01 18312 [Note] InnoDB: Restoring possible half-written data pages 
2024-05-31 22:03:01 18312 [Note] InnoDB: from the doublewrite buffer...
2024-05-31 22:03:01 18312 [Note] InnoDB: 128 rollback segment(s) are active.
2024-05-31 22:03:01 18312 [Note] InnoDB: Waiting for purge to start
2024-05-31 22:03:01 18312 [Note] InnoDB: 5.6.13 started; log sequence number 1653938
2024-05-31 22:03:01 18312 [Note] Server hostname (bind-address): '*'; port: 3307
2024-05-31 22:03:01 18312 [Note] IPv6 is available.
2024-05-31 22:03:01 18312 [Note]   - '::' resolves to '::';
2024-05-31 22:03:01 18312 [Note] Server socket created on IP: '::'.
2024-06-03 05:38:53 9120 [Note] Plugin 'FEDERATED' is disabled.
2024-06-03 05:38:53 9120 [Note] InnoDB: The InnoDB memory heap is disabled
2024-06-03 05:38:53 9120 [Note] InnoDB: Mutexes and rw_locks use Windows interlocked functions
2024-06-03 05:38:53 9120 [Note] InnoDB: Compressed tables use zlib 1.2.3
2024-06-03 05:38:53 9120 [Note] InnoDB: Not using CPU crc32 instructions
2024-06-03 05:38:53 9120 [Note] InnoDB: Initializing buffer pool, size = 128.0M
2024-06-03 05:38:53 9120 [Note] InnoDB: Completed initialization of buffer pool
2024-06-03 05:38:53 9120 [Note] InnoDB: Highest supported file format is Barracuda.
2024-06-03 05:38:53 9120 [Note] InnoDB: The log sequence numbers 1626134 and 1626134 in ibdata files do not match the log sequence number 1693146 in the ib_logfiles!
2024-06-03 05:38:53 9120 [Note] InnoDB: Database was not shutdown normally!
2024-06-03 05:38:53 9120 [Note] InnoDB: Starting crash recovery.
2024-06-03 05:38:53 9120 [Note] InnoDB: Reading tablespace information from the .ibd files...
2024-06-03 05:38:53 9120 [Note] InnoDB: Restoring possible half-written data pages 
2024-06-03 05:38:53 9120 [Note] InnoDB: from the doublewrite buffer...
2024-06-03 05:38:54 9120 [Note] InnoDB: 128 rollback segment(s) are active.
2024-06-03 05:38:54 9120 [Note] InnoDB: Waiting for purge to start
2024-06-03 05:38:54 9120 [Note] InnoDB: 5.6.13 started; log sequence number 1693146
2024-06-03 05:38:54 9120 [Note] Server hostname (bind-address): '*'; port: 3307
2024-06-03 05:38:54 9120 [Note] IPv6 is available.
2024-06-03 05:38:54 9120 [Note]   - '::' resolves to '::';
2024-06-03 05:38:54 9120 [Note] Server socket created on IP: '::'.
2024-06-06 03:46:40 2056 [Note] Plugin 'FEDERATED' is disabled.
2024-06-06 03:46:40 2056 [Note] InnoDB: The InnoDB memory heap is disabled
2024-06-06 03:46:40 2056 [Note] InnoDB: Mutexes and rw_locks use Windows interlocked functions
2024-06-06 03:46:40 2056 [Note] InnoDB: Compressed tables use zlib 1.2.3
2024-06-06 03:46:40 2056 [Note] InnoDB: Not using CPU crc32 instructions
2024-06-06 03:46:40 2056 [Note] InnoDB: Initializing buffer pool, size = 128.0M
2024-06-06 03:46:40 2056 [Note] InnoDB: Completed initialization of buffer pool
2024-06-06 03:46:40 2056 [Note] InnoDB: Highest supported file format is Barracuda.
2024-06-06 03:46:40 2056 [Note] InnoDB: The log sequence numbers 1626134 and 1626134 in ibdata files do not match the log sequence number 1749944 in the ib_logfiles!
2024-06-06 03:46:40 2056 [Note] InnoDB: Database was not shutdown normally!
2024-06-06 03:46:40 2056 [Note] InnoDB: Starting crash recovery.
2024-06-06 03:46:40 2056 [Note] InnoDB: Reading tablespace information from the .ibd files...
2024-06-06 03:46:40 2056 [Note] InnoDB: Restoring possible half-written data pages 
2024-06-06 03:46:40 2056 [Note] InnoDB: from the doublewrite buffer...
2024-06-06 03:46:41 2056 [Note] InnoDB: 128 rollback segment(s) are active.
2024-06-06 03:46:41 2056 [Note] InnoDB: Waiting for purge to start
2024-06-06 03:46:41 2056 [Note] InnoDB: 5.6.13 started; log sequence number 1749944
2024-06-06 03:46:41 2056 [Note] Server hostname (bind-address): '*'; port: 3307
2024-06-06 03:46:41 2056 [Note] IPv6 is available.
2024-06-06 03:46:41 2056 [Note]   - '::' resolves to '::';
2024-06-06 03:46:41 2056 [Note] Server socket created on IP: '::'.
