2024-02-01 10:22:15 9480 [Note] Plugin 'FEDERATED' is disabled.
2024-02-01 10:22:15 9480 [Note] InnoDB: The InnoDB memory heap is disabled
2024-02-01 10:22:15 9480 [Note] InnoDB: Mutexes and rw_locks use Windows interlocked functions
2024-02-01 10:22:15 9480 [Note] InnoDB: Compressed tables use zlib 1.2.3
2024-02-01 10:22:15 9480 [Note] InnoDB: Not using CPU crc32 instructions
2024-02-01 10:22:15 9480 [Note] InnoDB: Initializing buffer pool, size = 128.0M
2024-02-01 10:22:15 9480 [Note] InnoDB: Completed initialization of buffer pool
2024-02-01 10:22:15 9480 [Note] InnoDB: Setting log file C:\Users\deprezma\Downloads\USBWebserver v8.6\mysql\data\ib_logfile101 size to 5 MB
2024-02-01 10:22:15 9480 [Note] InnoDB: Setting log file C:\Users\deprezma\Downloads\USBWebserver v8.6\mysql\data\ib_logfile1 size to 5 MB
2024-02-01 10:22:15 9480 [Note] InnoDB: Renaming log file C:\Users\deprezma\Downloads\USBWebserver v8.6\mysql\data\ib_logfile101 to C:\Users\deprezma\Downloads\USBWebserver v8.6\mysql\data\ib_logfile0
2024-02-01 10:22:15 9480 [Warning] InnoDB: New log files created, LSN=1626134
2024-02-01 10:22:15 9480 [Note] InnoDB: Highest supported file format is Barracuda.
2024-02-01 10:22:15 9480 [Note] InnoDB: 128 rollback segment(s) are active.
2024-02-01 10:22:15 9480 [Note] InnoDB: Waiting for purge to start
2024-02-01 10:22:16 9480 [Note] InnoDB: 5.6.13 started; log sequence number 1626636
2024-02-01 10:22:16 9480 [Warning] No existing UUID has been found, so we assume that this is the first time that this server has been started. Generating a new UUID: 63d84b2f-c0e3-11ee-a750-7054d2be4780.
2024-02-01 10:22:16 9480 [Note] Server hostname (bind-address): '*'; port: 3307
2024-02-01 10:22:16 9480 [Note] IPv6 is available.
2024-02-01 10:22:16 9480 [Note]   - '::' resolves to '::';
2024-02-01 10:22:16 9480 [Note] Server socket created on IP: '::'.
