::1 - - [19/Jun/2024:22:58:49 +0200] "GET / HTTP/1.1" 200 335
::1 - - [19/Jun/2024:22:58:51 +0200] "GET /PHP/ HTTP/1.1" 200 1124
::1 - - [19/Jun/2024:22:58:53 +0200] "GET /PHP/Home.php HTTP/1.1" 200 3151
::1 - - [19/Jun/2024:22:58:53 +0200] "GET /afbeeldingen/schoenA.jpg HTTP/1.1" 304 -
::1 - - [19/Jun/2024:22:58:53 +0200] "GET /afbeeldingen/schoenB.jpg HTTP/1.1" 304 -
::1 - - [19/Jun/2024:22:58:53 +0200] "GET /afbeeldingen/schoenD.jpg HTTP/1.1" 304 -
::1 - - [19/Jun/2024:22:58:53 +0200] "GET /afbeeldingen/schoenF.jpg HTTP/1.1" 304 -
::1 - - [19/Jun/2024:22:58:53 +0200] "GET /CSS/Eindwerk.css HTTP/1.1" 304 -
::1 - - [19/Jun/2024:22:58:58 +0200] "GET /PHP/Schoenen.php HTTP/1.1" 200 7035
::1 - - [19/Jun/2024:22:58:58 +0200] "GET /afbeeldingen/schoenE.jpg HTTP/1.1" 304 -
::1 - - [19/Jun/2024:22:58:58 +0200] "GET /afbeeldingen/schoenC2.jpg HTTP/1.1" 304 -
::1 - - [19/Jun/2024:22:58:58 +0200] "GET /afbeeldingen/schoenG.jpg HTTP/1.1" 304 -
::1 - - [19/Jun/2024:22:58:58 +0200] "GET /afbeeldingen/schoenH.jpg HTTP/1.1" 304 -
::1 - - [19/Jun/2024:22:58:58 +0200] "GET /afbeeldingen/schoenI.jpg HTTP/1.1" 304 -
::1 - - [19/Jun/2024:22:59:12 +0200] "GET /PHP/Login.php HTTP/1.1" 200 3131
::1 - - [19/Jun/2024:22:59:12 +0200] "GET /afbeeldingen/m%20logo.jpg HTTP/1.1" 304 -
::1 - - [19/Jun/2024:22:59:26 +0200] "POST /PHP/checklogin.php HTTP/1.1" 302 65
::1 - - [19/Jun/2024:22:59:26 +0200] "GET /PHP/Home.php?melding=Je%20bent%20aangemeld HTTP/1.1" 200 3151
::1 - - [19/Jun/2024:22:59:28 +0200] "GET /PHP/Login.php HTTP/1.1" 200 2978
::1 - - [19/Jun/2024:22:59:31 +0200] "GET /PHP/Home.php HTTP/1.1" 200 3151
::1 - - [19/Jun/2024:22:59:34 +0200] "GET /PHP/Informatie.php HTTP/1.1" 200 7274
::1 - - [19/Jun/2024:22:59:39 +0200] "GET /PHP/Schoenen.php HTTP/1.1" 200 7035
::1 - - [19/Jun/2024:22:59:43 +0200] "GET /PHP/winkelmandje.php?productID=2 HTTP/1.1" 302 556
::1 - - [19/Jun/2024:22:59:43 +0200] "GET /PHP/winkelmandje.php?melding=Product%20is%20toegevoegd! HTTP/1.1" 200 534
::1 - - [19/Jun/2024:22:59:50 +0200] "GET /PHP/verwijderwinkelmand.php?productID=2 HTTP/1.1" 302 84
::1 - - [19/Jun/2024:22:59:50 +0200] "GET /PHP/winkelmandje.php HTTP/1.1" 200 148
::1 - - [19/Jun/2024:22:59:52 +0200] "GET /PHP/winkelmandje.php HTTP/1.1" 200 148
::1 - - [19/Jun/2024:22:59:53 +0200] "GET /PHP/winkelmandje.php?melding=Product%20is%20toegevoegd! HTTP/1.1" 200 148
::1 - - [19/Jun/2024:22:59:55 +0200] "GET /PHP/Schoenen.php HTTP/1.1" 200 7035
::1 - - [19/Jun/2024:22:59:58 +0200] "GET /PHP/Schoenen.php HTTP/1.1" 200 7035
::1 - - [19/Jun/2024:22:59:59 +0200] "GET /PHP/winkelmandje.php?productID=1 HTTP/1.1" 302 547
::1 - - [19/Jun/2024:22:59:59 +0200] "GET /PHP/winkelmandje.php?melding=Product%20is%20toegevoegd! HTTP/1.1" 200 525
::1 - - [19/Jun/2024:23:00:06 +0200] "GET /PHP/Schoenen.php HTTP/1.1" 200 7035
::1 - - [19/Jun/2024:23:00:08 +0200] "GET /PHP/winkelmandje.php?productID=3 HTTP/1.1" 302 842
::1 - - [19/Jun/2024:23:00:08 +0200] "GET /PHP/winkelmandje.php?melding=Product%20is%20toegevoegd! HTTP/1.1" 200 820
::1 - - [19/Jun/2024:23:04:30 +0200] "GET /PHP/verwijderwinkelmand.php?productID=3 HTTP/1.1" 302 84
::1 - - [19/Jun/2024:23:04:30 +0200] "GET /PHP/winkelmandje.php HTTP/1.1" 200 525
::1 - - [19/Jun/2024:23:04:48 +0200] "GET /PHP/winkelmandje.php?melding=Product%20is%20toegevoegd! HTTP/1.1" 200 525
::1 - - [19/Jun/2024:23:04:49 +0200] "GET /PHP/Schoenen.php HTTP/1.1" 200 7035
::1 - - [19/Jun/2024:23:04:52 +0200] "GET /PHP/winkelmandje.php?productID=1 HTTP/1.1" 302 841
::1 - - [19/Jun/2024:23:04:52 +0200] "GET /PHP/winkelmandje.php?melding=Product%20is%20toegevoegd! HTTP/1.1" 200 819
::1 - - [19/Jun/2024:23:04:59 +0200] "GET /PHP/verwijderwinkelmand.php?productID=1 HTTP/1.1" 302 84
::1 - - [19/Jun/2024:23:04:59 +0200] "GET /PHP/winkelmandje.php HTTP/1.1" 200 148
::1 - - [19/Jun/2024:23:05:02 +0200] "GET /PHP/winkelmandje.php?melding=Product%20is%20toegevoegd! HTTP/1.1" 200 148
::1 - - [19/Jun/2024:23:05:03 +0200] "GET /PHP/Schoenen.php HTTP/1.1" 200 7035
::1 - - [19/Jun/2024:23:05:08 +0200] "GET /PHP/winkelmandje.php?productID=6 HTTP/1.1" 302 551
::1 - - [19/Jun/2024:23:05:08 +0200] "GET /PHP/winkelmandje.php?melding=Product%20is%20toegevoegd! HTTP/1.1" 200 529
::1 - - [19/Jun/2024:23:31:09 +0200] "GET /phpmyadmin/ HTTP/1.1" 200 8192
::1 - - [19/Jun/2024:23:31:11 +0200] "GET /phpmyadmin/themes/pmahomme/img/logo_right.png HTTP/1.1" 304 -
::1 - - [19/Jun/2024:23:31:11 +0200] "GET /phpmyadmin/themes/dot.gif HTTP/1.1" 304 -
::1 - - [19/Jun/2024:23:31:11 +0200] "GET /phpmyadmin/themes/pmahomme/jquery/jquery-ui-1.9.2.custom.css HTTP/1.1" 304 -
::1 - - [19/Jun/2024:23:31:11 +0200] "GET /phpmyadmin/js/get_scripts.js.php?scripts[]=jquery/jquery-1.8.3.js&scripts[]=ajax.js&scripts[]=keyhandler.js&scripts[]=jquery/jquery-ui-1.9.2.custom.js&scripts[]=jquery/jquery.sprintf.js&scripts[]=jquery/jquery.cookie.js&scripts[]=jquery/jquery.mousewheel.js&scripts[]=jquery/jquery.event.drag-2.2.js&scripts[]=jquery/jquery-ui-timepicker-addon.js&scripts[]=jquery/jquery.ba-hashchange-1.3.js&scripts[]=jquery/jquery.debounce-1.0.5.js&scripts[]=jquery/jquery.menuResizer-1.0.js&scripts[]=rte.js&scripts[]=functions.js&scripts[]=navigation.js&scripts[]=indexes.js&scripts[]=common.js&scripts[]=codemirror/lib/codemirror.js&scripts[]=codemirror/mode/mysql/mysql.js HTTP/1.1" 200 578621
::1 - - [19/Jun/2024:23:31:11 +0200] "GET /phpmyadmin/phpmyadmin.css.php?server=1&token=f2f4555f2b1445fe0211bda1a7021f51&nocache=5151306517ltr HTTP/1.1" 200 92653
::1 - - [19/Jun/2024:23:31:11 +0200] "GET /phpmyadmin/js/messages.php?lang=nl&db=&server=0&token=f2f4555f2b1445fe0211bda1a7021f51 HTTP/1.1" 200 18199
::1 - - [19/Jun/2024:23:31:11 +0200] "GET /phpmyadmin/js/get_image.js.php?theme=pmahomme HTTP/1.1" 200 6364
::1 - - [19/Jun/2024:23:31:13 +0200] "GET /phpmyadmin/themes/pmahomme/img/sprites.png HTTP/1.1" 304 -
::1 - - [19/Jun/2024:23:31:13 +0200] "GET /phpmyadmin/favicon.ico HTTP/1.1" 304 -
::1 - - [19/Jun/2024:23:31:15 +0200] "POST /phpmyadmin/index.php HTTP/1.1" 302 -
::1 - - [19/Jun/2024:23:31:15 +0200] "GET /phpmyadmin/index.php?token=f2f4555f2b1445fe0211bda1a7021f51 HTTP/1.1" 200 45620
::1 - - [19/Jun/2024:23:31:15 +0200] "GET /phpmyadmin/themes/pmahomme/img/logo_left.png HTTP/1.1" 304 -
::1 - - [19/Jun/2024:23:31:15 +0200] "GET /phpmyadmin/themes/pmahomme/img/ajax_clock_small.gif HTTP/1.1" 304 -
::1 - - [19/Jun/2024:23:31:15 +0200] "GET /phpmyadmin/phpmyadmin.css.php?server=1&token=f2f4555f2b1445fe0211bda1a7021f51&nocache=6869422032ltr HTTP/1.1" 200 92653
::1 - - [19/Jun/2024:23:31:16 +0200] "GET /phpmyadmin/themes/pmahomme/img/left_nav_bg.png HTTP/1.1" 304 -
::1 - - [19/Jun/2024:23:31:16 +0200] "GET /phpmyadmin/version_check.php?&_nocache=1718832676181134137 HTTP/1.1" 200 39
::1 - - [19/Jun/2024:23:31:19 +0200] "GET /phpmyadmin/navigation.php?ajax_request=1&token=f2f4555f2b1445fe0211bda1a7021f51&aPath=cm9vdA%3D%3D.bXVoYWplZXI%3D&vPath=cm9vdA%3D%3D.bXVoYWplZXI%3D&pos=0&pos2_name=&pos2_value=&searchClause=&searchClause2=&_nocache=1718832679015845513 HTTP/1.1" 200 2965
::1 - - [19/Jun/2024:23:31:25 +0200] "GET /phpmyadmin/tbl_create.php?server=1&db=muhajeer&token=f2f4555f2b1445fe0211bda1a7021f51&ajax_request=true&ajax_page_request=true&menuHashes=2eb1809c&_nocache=1718832685320165226 HTTP/1.1" 200 179246
::1 - - [19/Jun/2024:23:31:44 +0200] "POST /phpmyadmin/tbl_create.php HTTP/1.1" 200 210791
::1 - - [19/Jun/2024:23:33:38 +0200] "POST /phpmyadmin/tbl_create.php HTTP/1.1" 200 7762
::1 - - [19/Jun/2024:23:33:38 +0200] "POST /phpmyadmin/navigation.php?ajax_request=1&token=f2f4555f2b1445fe0211bda1a7021f51 HTTP/1.1" 200 5128
::1 - - [19/Jun/2024:23:33:38 +0200] "GET /phpmyadmin/db_structure.php?token=f2f4555f2b1445fe0211bda1a7021f51&server=1&db=muhajeer&table=&ajax_request=true&ajax_page_request=true&menuHashes=2eb1809c-33ef977a&_nocache=1718832818804789332 HTTP/1.1" 200 21268
::1 - - [19/Jun/2024:23:33:39 +0200] "GET /phpmyadmin/themes/pmahomme/img/arrow_ltr.png HTTP/1.1" 304 -
::1 - - [19/Jun/2024:23:33:39 +0200] "GET /phpmyadmin/js/get_scripts.js.php?scripts[]=db_structure.js&scripts[]=tbl_change.js HTTP/1.1" 200 12382
::1 - - [19/Jun/2024:23:33:43 +0200] "GET /phpmyadmin/sql.php?server=1&db=muhajeer&table=tblbestelling&pos=0&token=f2f4555f2b1445fe0211bda1a7021f51&ajax_request=true&ajax_page_request=true&menuHashes=2eb1809c-33ef977a-d57957a1&_nocache=1718832823576584180 HTTP/1.1" 200 10556
::1 - - [19/Jun/2024:23:33:44 +0200] "GET /phpmyadmin/js/get_scripts.js.php?scripts[]=tbl_structure.js&scripts[]=gis_data_editor.js HTTP/1.1" 200 15188
::1 - - [19/Jun/2024:23:33:44 +0200] "GET /phpmyadmin/index.php?ajax_request=1&recent_table=1&token=f2f4555f2b1445fe0211bda1a7021f51 HTTP/1.1" 200 751
::1 - - [19/Jun/2024:23:33:46 +0200] "GET /phpmyadmin/tbl_structure.php?db=muhajeer&table=tblbestelling&token=f2f4555f2b1445fe0211bda1a7021f51&ajax_request=true&ajax_page_request=true&menuHashes=2eb1809c-33ef977a-d57957a1-8fee2fc8&_nocache=1718832826863285249 HTTP/1.1" 200 34376
::1 - - [19/Jun/2024:23:33:47 +0200] "GET /phpmyadmin/index.php?ajax_request=1&recent_table=1&token=f2f4555f2b1445fe0211bda1a7021f51 HTTP/1.1" 200 751
::1 - - [19/Jun/2024:23:34:47 +0200] "GET /phpmyadmin/tbl_structure.php?db=muhajeer&table=tblschoenen&token=f2f4555f2b1445fe0211bda1a7021f51&ajax_request=true&ajax_page_request=true&menuHashes=2eb1809c-02bb8a48-7db9d22d-3a5742d9-a57514c9-eb7987b0-f468a8a0&_nocache=1718832887309640817 HTTP/1.1" 200 46826
::1 - - [19/Jun/2024:23:34:47 +0200] "GET /phpmyadmin/index.php?ajax_request=1&recent_table=1&token=f2f4555f2b1445fe0211bda1a7021f51 HTTP/1.1" 200 751
::1 - - [19/Jun/2024:23:38:36 +0200] "GET / HTTP/1.1" 200 335
::1 - - [19/Jun/2024:23:38:38 +0200] "GET / HTTP/1.1" 200 335
::1 - - [19/Jun/2024:23:38:41 +0200] "GET /PHP/ HTTP/1.1" 200 1124
::1 - - [19/Jun/2024:23:38:46 +0200] "GET /PHP/Home.php HTTP/1.1" 200 3151
::1 - - [19/Jun/2024:23:39:00 +0200] "GET /PHP/Schoenen.php HTTP/1.1" 200 7035
::1 - - [19/Jun/2024:23:39:27 +0200] "GET /PHP/Login.php HTTP/1.1" 200 2978
::1 - - [19/Jun/2024:23:39:31 +0200] "GET /PHP/logout.php HTTP/1.1" 302 -
::1 - - [19/Jun/2024:23:39:31 +0200] "GET /PHP/Login.php?melding=Je%20bent%20afgelogd HTTP/1.1" 200 3147
::1 - - [19/Jun/2024:23:39:40 +0200] "POST /PHP/checklogin.php HTTP/1.1" 302 65
::1 - - [19/Jun/2024:23:39:40 +0200] "GET /PHP/Home.php?melding=Je%20bent%20aangemeld HTTP/1.1" 200 3151
::1 - - [19/Jun/2024:23:39:42 +0200] "GET /PHP/Login.php HTTP/1.1" 200 2978
::1 - - [19/Jun/2024:23:39:44 +0200] "GET /PHP/Schoenen.php HTTP/1.1" 200 7035
::1 - - [19/Jun/2024:23:39:49 +0200] "GET /PHP/winkelmandje.php?productID=2 HTTP/1.1" 302 853
::1 - - [19/Jun/2024:23:39:49 +0200] "GET /PHP/winkelmandje.php?melding=Product%20is%20toegevoegd! HTTP/1.1" 200 831
::1 - - [19/Jun/2024:23:41:45 +0200] "GET /phpmyadmin/sql.php?server=1&db=muhajeer&table=tblwinkelmand&pos=0&token=f2f4555f2b1445fe0211bda1a7021f51&ajax_request=true&ajax_page_request=true&menuHashes=2eb1809c-33ef977a-d57957a1-8fee2fc8-dfd9c280&_nocache=1718833305614512702 HTTP/1.1" 200 24865
::1 - - [19/Jun/2024:23:41:45 +0200] "GET /phpmyadmin/themes/pmahomme/img/s_fulltext.png HTTP/1.1" 304 -
::1 - - [19/Jun/2024:23:41:45 +0200] "GET /phpmyadmin/js/get_scripts.js.php?scripts[]=makegrid.js&scripts[]=sql.js HTTP/1.1" 200 35099
::1 - - [19/Jun/2024:23:41:46 +0200] "GET /phpmyadmin/themes/pmahomme/img/col_pointer.png HTTP/1.1" 304 -
::1 - - [19/Jun/2024:23:41:46 +0200] "GET /phpmyadmin/themes/pmahomme/img/col_drop.png HTTP/1.1" 304 -
::1 - - [19/Jun/2024:23:41:46 +0200] "GET /phpmyadmin/index.php?ajax_request=1&recent_table=1&token=f2f4555f2b1445fe0211bda1a7021f51 HTTP/1.1" 200 751
::1 - - [19/Jun/2024:23:43:10 +0200] "GET /PHP/winkelmandje.php?melding=Product%20is%20toegevoegd! HTTP/1.1" 200 831
::1 - - [19/Jun/2024:23:44:43 +0200] "GET / HTTP/1.1" 200 335
::1 - - [19/Jun/2024:23:44:45 +0200] "GET /PHP/ HTTP/1.1" 200 1124
::1 - - [19/Jun/2024:23:44:48 +0200] "GET /PHP/Login.php HTTP/1.1" 200 2978
::1 - - [19/Jun/2024:23:44:51 +0200] "GET /PHP/logout.php HTTP/1.1" 302 -
::1 - - [19/Jun/2024:23:44:51 +0200] "GET /PHP/Login.php?melding=Je%20bent%20afgelogd HTTP/1.1" 200 3147
::1 - - [19/Jun/2024:23:44:54 +0200] "GET /PHP/Login.php HTTP/1.1" 200 3131
::1 - - [19/Jun/2024:23:45:02 +0200] "POST /PHP/checklogin.php HTTP/1.1" 302 66
::1 - - [19/Jun/2024:23:45:02 +0200] "GET /PHP/Home.php?melding=Je%20bent%20aangemeld HTTP/1.1" 200 3151
::1 - - [19/Jun/2024:23:45:05 +0200] "GET /PHP/Login.php HTTP/1.1" 200 2979
::1 - - [19/Jun/2024:23:45:08 +0200] "GET /PHP/Schoenen.php HTTP/1.1" 200 7035
::1 - - [19/Jun/2024:23:45:11 +0200] "GET /PHP/winkelmandje.php?productID=2 HTTP/1.1" 302 556
::1 - - [19/Jun/2024:23:45:11 +0200] "GET /PHP/winkelmandje.php?melding=Product%20is%20toegevoegd! HTTP/1.1" 200 534
::1 - - [19/Jun/2024:23:49:03 +0200] "GET /phpmyadmin/sql.php?server=1&db=muhajeer&table=tblwinkelmand&pos=0&token=f2f4555f2b1445fe0211bda1a7021f51&ajax_request=true&ajax_page_request=true&menuHashes=2eb1809c-33ef977a-d57957a1-8fee2fc8-dfd9c280-eb7987b0&_nocache=1718833743802334338 HTTP/1.1" 200 24291
::1 - - [19/Jun/2024:23:49:04 +0200] "GET /phpmyadmin/index.php?ajax_request=1&recent_table=1&token=f2f4555f2b1445fe0211bda1a7021f51 HTTP/1.1" 200 751
::1 - - [19/Jun/2024:23:49:08 +0200] "GET /phpmyadmin/sql.php?server=1&db=muhajeer&table=tblbestelling&pos=0&token=f2f4555f2b1445fe0211bda1a7021f51&ajax_request=true&ajax_page_request=true&menuHashes=2eb1809c-33ef977a-d57957a1-8fee2fc8-dfd9c280-eb7987b0&_nocache=1718833748459689396 HTTP/1.1" 200 7403
::1 - - [19/Jun/2024:23:49:08 +0200] "GET /phpmyadmin/index.php?ajax_request=1&recent_table=1&token=f2f4555f2b1445fe0211bda1a7021f51 HTTP/1.1" 200 751
::1 - - [19/Jun/2024:23:49:11 +0200] "GET /phpmyadmin/sql.php?server=1&db=muhajeer&table=tblschoenen&pos=0&token=f2f4555f2b1445fe0211bda1a7021f51&ajax_request=true&ajax_page_request=true&menuHashes=2eb1809c-33ef977a-d57957a1-8fee2fc8-dfd9c280-eb7987b0&_nocache=1718833751595567242 HTTP/1.1" 200 45126
::1 - - [19/Jun/2024:23:49:11 +0200] "GET /phpmyadmin/index.php?ajax_request=1&recent_table=1&token=f2f4555f2b1445fe0211bda1a7021f51 HTTP/1.1" 200 751
::1 - - [19/Jun/2024:23:49:14 +0200] "GET /phpmyadmin/sql.php?server=1&db=muhajeer&table=tblwinkelmand&pos=0&token=f2f4555f2b1445fe0211bda1a7021f51&ajax_request=true&ajax_page_request=true&menuHashes=2eb1809c-33ef977a-d57957a1-8fee2fc8-dfd9c280-eb7987b0-a57514c9&_nocache=1718833754290255862 HTTP/1.1" 200 24291
::1 - - [19/Jun/2024:23:49:14 +0200] "GET /phpmyadmin/index.php?ajax_request=1&recent_table=1&token=f2f4555f2b1445fe0211bda1a7021f51 HTTP/1.1" 200 751
::1 - - [19/Jun/2024:23:49:21 +0200] "GET /phpmyadmin/sql.php?server=1&db=muhajeer&table=tblschoenen&pos=0&token=f2f4555f2b1445fe0211bda1a7021f51&ajax_request=true&ajax_page_request=true&menuHashes=2eb1809c-33ef977a-d57957a1-8fee2fc8-dfd9c280-eb7987b0-a57514c9&_nocache=1718833761565183495 HTTP/1.1" 200 41995
::1 - - [19/Jun/2024:23:49:21 +0200] "GET /phpmyadmin/index.php?ajax_request=1&recent_table=1&token=f2f4555f2b1445fe0211bda1a7021f51 HTTP/1.1" 200 751
::1 - - [19/Jun/2024:23:49:30 +0200] "GET /phpmyadmin/sql.php?server=1&db=muhajeer&table=tblbestelling&pos=0&token=f2f4555f2b1445fe0211bda1a7021f51&ajax_request=true&ajax_page_request=true&menuHashes=2eb1809c-33ef977a-d57957a1-8fee2fc8-dfd9c280-eb7987b0-a57514c9&_nocache=1718833770685847362 HTTP/1.1" 200 7403
::1 - - [19/Jun/2024:23:49:30 +0200] "GET /phpmyadmin/index.php?ajax_request=1&recent_table=1&token=f2f4555f2b1445fe0211bda1a7021f51 HTTP/1.1" 200 751
::1 - - [19/Jun/2024:23:49:34 +0200] "GET /phpmyadmin/tbl_structure.php?db=muhajeer&table=tblbestelling&token=f2f4555f2b1445fe0211bda1a7021f51&ajax_request=true&ajax_page_request=true&menuHashes=2eb1809c-33ef977a-d57957a1-8fee2fc8-dfd9c280-eb7987b0-a57514c9&_nocache=1718833774907886534 HTTP/1.1" 200 31223
::1 - - [19/Jun/2024:23:49:35 +0200] "GET /phpmyadmin/index.php?ajax_request=1&recent_table=1&token=f2f4555f2b1445fe0211bda1a7021f51 HTTP/1.1" 200 751
::1 - - [19/Jun/2024:23:49:45 +0200] "GET /phpmyadmin/sql.php?server=1&db=muhajeer&table=tblschoenen&pos=0&token=f2f4555f2b1445fe0211bda1a7021f51&ajax_request=true&ajax_page_request=true&menuHashes=2eb1809c-33ef977a-d57957a1-8fee2fc8-dfd9c280-eb7987b0-a57514c9&_nocache=1718833785546995168 HTTP/1.1" 200 41995
::1 - - [19/Jun/2024:23:49:45 +0200] "GET /phpmyadmin/index.php?ajax_request=1&recent_table=1&token=f2f4555f2b1445fe0211bda1a7021f51 HTTP/1.1" 200 751
::1 - - [19/Jun/2024:23:49:49 +0200] "GET /phpmyadmin/tbl_structure.php?db=muhajeer&table=tblschoenen&token=f2f4555f2b1445fe0211bda1a7021f51&ajax_request=true&ajax_page_request=true&menuHashes=2eb1809c-33ef977a-d57957a1-8fee2fc8-dfd9c280-eb7987b0-a57514c9&_nocache=1718833789866413515 HTTP/1.1" 200 46826
::1 - - [19/Jun/2024:23:49:50 +0200] "GET /phpmyadmin/index.php?ajax_request=1&recent_table=1&token=f2f4555f2b1445fe0211bda1a7021f51 HTTP/1.1" 200 751
::1 - - [19/Jun/2024:23:50:12 +0200] "GET /phpmyadmin/sql.php?server=1&db=muhajeer&table=tblbestelling&pos=0&token=f2f4555f2b1445fe0211bda1a7021f51&ajax_request=true&ajax_page_request=true&menuHashes=33ef977a-d57957a1-8fee2fc8-dfd9c280-eb7987b0-a57514c9-5a30bf5e&_nocache=1718833812654639931 HTTP/1.1" 200 7403
::1 - - [19/Jun/2024:23:50:12 +0200] "GET /phpmyadmin/index.php?ajax_request=1&recent_table=1&token=f2f4555f2b1445fe0211bda1a7021f51 HTTP/1.1" 200 751
::1 - - [19/Jun/2024:23:50:14 +0200] "GET /phpmyadmin/tbl_structure.php?db=muhajeer&table=tblbestelling&token=f2f4555f2b1445fe0211bda1a7021f51&ajax_request=true&ajax_page_request=true&menuHashes=33ef977a-d57957a1-8fee2fc8-dfd9c280-eb7987b0-a57514c9-5a30bf5e&_nocache=1718833814692602348 HTTP/1.1" 200 31223
::1 - - [19/Jun/2024:23:50:14 +0200] "GET /phpmyadmin/index.php?ajax_request=1&recent_table=1&token=f2f4555f2b1445fe0211bda1a7021f51 HTTP/1.1" 200 751
::1 - - [19/Jun/2024:23:51:51 +0200] "GET /phpmyadmin/sql.php?server=1&db=muhajeer&table=tblschoenen&pos=0&token=f2f4555f2b1445fe0211bda1a7021f51&ajax_request=true&ajax_page_request=true&menuHashes=33ef977a-d57957a1-8fee2fc8-dfd9c280-eb7987b0-a57514c9-5a30bf5e&_nocache=171883391190421641 HTTP/1.1" 200 41995
::1 - - [19/Jun/2024:23:51:52 +0200] "GET /phpmyadmin/index.php?ajax_request=1&recent_table=1&token=f2f4555f2b1445fe0211bda1a7021f51 HTTP/1.1" 200 751
::1 - - [19/Jun/2024:23:51:55 +0200] "GET /phpmyadmin/tbl_structure.php?db=muhajeer&table=tblschoenen&token=f2f4555f2b1445fe0211bda1a7021f51&ajax_request=true&ajax_page_request=true&menuHashes=33ef977a-d57957a1-8fee2fc8-dfd9c280-eb7987b0-a57514c9-5a30bf5e&_nocache=1718833915326351177 HTTP/1.1" 200 43695
::1 - - [19/Jun/2024:23:51:55 +0200] "GET /phpmyadmin/index.php?ajax_request=1&recent_table=1&token=f2f4555f2b1445fe0211bda1a7021f51 HTTP/1.1" 200 751
::1 - - [19/Jun/2024:23:52:08 +0200] "GET /phpmyadmin/sql.php?server=1&db=muhajeer&table=tblbestelling&pos=0&token=f2f4555f2b1445fe0211bda1a7021f51&ajax_request=true&ajax_page_request=true&menuHashes=33ef977a-d57957a1-8fee2fc8-dfd9c280-eb7987b0-a57514c9-5a30bf5e&_nocache=1718833928858809597 HTTP/1.1" 200 7403
::1 - - [19/Jun/2024:23:52:09 +0200] "GET /phpmyadmin/index.php?ajax_request=1&recent_table=1&token=f2f4555f2b1445fe0211bda1a7021f51 HTTP/1.1" 200 751
::1 - - [19/Jun/2024:23:52:10 +0200] "GET /phpmyadmin/tbl_structure.php?db=muhajeer&table=tblbestelling&token=f2f4555f2b1445fe0211bda1a7021f51&ajax_request=true&ajax_page_request=true&menuHashes=33ef977a-d57957a1-8fee2fc8-dfd9c280-eb7987b0-a57514c9-5a30bf5e&_nocache=1718833930824839246 HTTP/1.1" 200 31223
::1 - - [19/Jun/2024:23:52:11 +0200] "GET /phpmyadmin/index.php?ajax_request=1&recent_table=1&token=f2f4555f2b1445fe0211bda1a7021f51 HTTP/1.1" 200 751
::1 - - [19/Jun/2024:23:52:26 +0200] "GET /phpmyadmin/tbl_structure.php?db=muhajeer&table=tblbestelling&token=f2f4555f2b1445fe0211bda1a7021f51&goto=tbl_structure.php&back=tbl_structure.php&field=bestelID&change_column=1&ajax_request=true&_nocache=1718833946426492022 HTTP/1.1" 200 38585
::1 - - [19/Jun/2024:23:52:37 +0200] "POST /phpmyadmin/tbl_structure.php HTTP/1.1" 200 1880
::1 - - [19/Jun/2024:23:52:46 +0200] "POST /phpmyadmin/tbl_structure.php HTTP/1.1" 200 1880
::1 - - [19/Jun/2024:23:52:50 +0200] "POST /phpmyadmin/tbl_structure.php HTTP/1.1" 200 32271
::1 - - [19/Jun/2024:23:52:50 +0200] "POST /phpmyadmin/navigation.php?ajax_request=1&token=f2f4555f2b1445fe0211bda1a7021f51 HTTP/1.1" 200 5128
::1 - - [19/Jun/2024:23:52:54 +0200] "GET /phpmyadmin/themes/pmahomme/jquery/images/ui-bg_flat_75_ffffff_40x100.png HTTP/1.1" 304 -
::1 - - [19/Jun/2024:23:52:54 +0200] "GET /phpmyadmin/themes/pmahomme/jquery/images/ui-icons_222222_256x240.png HTTP/1.1" 304 -
::1 - - [19/Jun/2024:23:52:54 +0200] "GET /phpmyadmin/themes/pmahomme/jquery/images/ui-bg_glass_75_e6e6e6_1x400.png HTTP/1.1" 304 -
::1 - - [19/Jun/2024:23:52:54 +0200] "GET /phpmyadmin/themes/pmahomme/jquery/images/ui-bg_highlight-soft_75_cccccc_1x100.png HTTP/1.1" 304 -
::1 - - [19/Jun/2024:23:52:54 +0200] "GET /phpmyadmin/themes/pmahomme/jquery/images/ui-bg_flat_0_aaaaaa_40x100.png HTTP/1.1" 304 -
::1 - - [19/Jun/2024:23:52:54 +0200] "GET /phpmyadmin/themes/pmahomme/jquery/images/ui-bg_glass_75_dadada_1x400.png HTTP/1.1" 304 -
::1 - - [19/Jun/2024:23:52:58 +0200] "GET /phpmyadmin/themes/pmahomme/jquery/images/ui-icons_454545_256x240.png HTTP/1.1" 200 4369
::1 - - [19/Jun/2024:23:53:03 +0200] "GET /phpmyadmin/tbl_structure.php?db=muhajeer&table=tblbestelling&token=f2f4555f2b1445fe0211bda1a7021f51&ajax_request=true&ajax_page_request=true&menuHashes=33ef977a-d57957a1-8fee2fc8-dfd9c280-eb7987b0-a57514c9-5a30bf5e&_nocache=1718833983753321531 HTTP/1.1" 200 31223
::1 - - [19/Jun/2024:23:53:04 +0200] "GET /phpmyadmin/index.php?ajax_request=1&recent_table=1&token=f2f4555f2b1445fe0211bda1a7021f51 HTTP/1.1" 200 751
::1 - - [19/Jun/2024:23:53:11 +0200] "GET /phpmyadmin/themes/pmahomme/jquery/images/ui-bg_glass_65_ffffff_1x400.png HTTP/1.1" 304 -
::1 - - [19/Jun/2024:23:53:14 +0200] "GET /phpmyadmin/sql.php?db=muhajeer&table=tblbestelling&token=f2f4555f2b1445fe0211bda1a7021f51&goto=tbl_structure.php&back=tbl_structure.php&sql_query=ALTER+TABLE+%60tblbestelling%60+ADD+PRIMARY+KEY%28%60bestelID%60%29%3B&message_to_show=Een+primaire+sleutel+is+toegevoegd+aan+bestelID&is_js_confirmed=1&ajax_request=true&_nocache=1718833994649726316 HTTP/1.1" 200 2489
::1 - - [19/Jun/2024:23:53:14 +0200] "GET /phpmyadmin/tbl_structure.php?token=f2f4555f2b1445fe0211bda1a7021f51&server=1&db=muhajeer&table=tblbestelling&ajax_request=true&ajax_page_request=true&menuHashes=33ef977a-d57957a1-8fee2fc8-dfd9c280-eb7987b0-a57514c9-5a30bf5e&_nocache=1718833994930743005 HTTP/1.1" 200 33983
::1 - - [19/Jun/2024:23:53:14 +0200] "POST /phpmyadmin/navigation.php?ajax_request=1&token=f2f4555f2b1445fe0211bda1a7021f51 HTTP/1.1" 200 5128
::1 - - [19/Jun/2024:23:53:15 +0200] "GET /phpmyadmin/index.php?ajax_request=1&recent_table=1&token=f2f4555f2b1445fe0211bda1a7021f51 HTTP/1.1" 200 751
::1 - - [19/Jun/2024:23:53:20 +0200] "GET /phpmyadmin/tbl_structure.php?db=muhajeer&table=tblbestelling&token=f2f4555f2b1445fe0211bda1a7021f51&goto=tbl_structure.php&back=tbl_structure.php&field=bestelID&change_column=1&ajax_request=true&_nocache=1718834000902245407 HTTP/1.1" 200 38585
::1 - - [19/Jun/2024:23:53:25 +0200] "POST /phpmyadmin/tbl_structure.php HTTP/1.1" 200 35402
::1 - - [19/Jun/2024:23:53:26 +0200] "POST /phpmyadmin/navigation.php?ajax_request=1&token=f2f4555f2b1445fe0211bda1a7021f51 HTTP/1.1" 200 5128
::1 - - [19/Jun/2024:23:53:29 +0200] "GET /phpmyadmin/tbl_structure.php?db=muhajeer&table=tblbestelling&token=f2f4555f2b1445fe0211bda1a7021f51&ajax_request=true&ajax_page_request=true&menuHashes=33ef977a-d57957a1-8fee2fc8-dfd9c280-eb7987b0-a57514c9-5a30bf5e&_nocache=1718834009332975118 HTTP/1.1" 200 34215
::1 - - [19/Jun/2024:23:53:29 +0200] "GET /phpmyadmin/index.php?ajax_request=1&recent_table=1&token=f2f4555f2b1445fe0211bda1a7021f51 HTTP/1.1" 200 751
::1 - - [19/Jun/2024:23:53:35 +0200] "GET /PHP/winkelmandje.php?melding=Product%20is%20toegevoegd! HTTP/1.1" 200 534
::1 - - [19/Jun/2024:23:53:35 +0200] "GET /PHP/winkelmandje.php?melding=Product%20is%20toegevoegd! HTTP/1.1" 200 534
::1 - - [19/Jun/2024:23:53:35 +0200] "GET /PHP/winkelmandje.php?melding=Product%20is%20toegevoegd! HTTP/1.1" 200 534
::1 - - [19/Jun/2024:23:55:47 +0200] "GET /PHP/winkelmandje.php?melding=Product%20is%20toegevoegd! HTTP/1.1" 200 534
::1 - - [19/Jun/2024:23:55:47 +0200] "GET /PHP/winkelmandje.php?melding=Product%20is%20toegevoegd! HTTP/1.1" 200 534
::1 - - [19/Jun/2024:23:55:47 +0200] "GET /PHP/winkelmandje.php?melding=Product%20is%20toegevoegd! HTTP/1.1" 200 534
::1 - - [21/Jun/2024:02:08:17 +0200] "GET /phpmyadmin/tbl_structure.php?db=muhajeer&table=tblbestelling&token=f2f4555f2b1445fe0211bda1a7021f51&goto=tbl_structure.php&back=tbl_structure.php&field=bestelID&change_column=1&ajax_request=true&_nocache=1718928497865670260 HTTP/1.1" 200 310
::1 - - [21/Jun/2024:02:08:21 +0200] "GET /phpmyadmin/index.php?token=f2f4555f2b1445fe0211bda1a7021f51 HTTP/1.1" 200 8192
::1 - - [21/Jun/2024:02:08:21 +0200] "GET /phpmyadmin/js/get_image.js.php?theme=pmahomme HTTP/1.1" 200 6364
::1 - - [21/Jun/2024:02:08:21 +0200] "GET /phpmyadmin/js/get_scripts.js.php?scripts[]=jquery/jquery-1.8.3.js&scripts[]=ajax.js&scripts[]=keyhandler.js&scripts[]=jquery/jquery-ui-1.9.2.custom.js&scripts[]=jquery/jquery.sprintf.js&scripts[]=jquery/jquery.cookie.js&scripts[]=jquery/jquery.mousewheel.js&scripts[]=jquery/jquery.event.drag-2.2.js&scripts[]=jquery/jquery-ui-timepicker-addon.js&scripts[]=jquery/jquery.ba-hashchange-1.3.js&scripts[]=jquery/jquery.debounce-1.0.5.js&scripts[]=jquery/jquery.menuResizer-1.0.js&scripts[]=rte.js&scripts[]=functions.js&scripts[]=navigation.js&scripts[]=indexes.js&scripts[]=common.js&scripts[]=codemirror/lib/codemirror.js&scripts[]=codemirror/mode/mysql/mysql.js HTTP/1.1" 200 578621
::1 - - [21/Jun/2024:02:08:21 +0200] "GET /phpmyadmin/phpmyadmin.css.php?server=1&token=f2f4555f2b1445fe0211bda1a7021f51&nocache=5151306517ltr HTTP/1.1" 200 92653
::1 - - [21/Jun/2024:02:08:21 +0200] "GET /phpmyadmin/js/messages.php?lang=nl&db=&server=0&token=f2f4555f2b1445fe0211bda1a7021f51 HTTP/1.1" 200 18199
::1 - - [21/Jun/2024:02:08:22 +0200] "GET /phpmyadmin/tbl_structure.php?db=muhajeer&table=tblbestelling&server=1&target=&token=f2f4555f2b1445fe0211bda1a7021f51 HTTP/1.1" 200 8331
::1 - - [21/Jun/2024:02:08:22 +0200] "GET /phpmyadmin/js/messages.php?lang=nl&db=muhajeer&token=f2f4555f2b1445fe0211bda1a7021f51 HTTP/1.1" 200 18199
::1 - - [21/Jun/2024:02:08:23 +0200] "POST /phpmyadmin/index.php HTTP/1.1" 302 -
::1 - - [21/Jun/2024:02:08:23 +0200] "GET /phpmyadmin/index.php?db=muhajeer&table=tblbestelling&target=tbl_structure.php&token=f2f4555f2b1445fe0211bda1a7021f51 HTTP/1.1" 200 40027
::1 - - [21/Jun/2024:02:08:23 +0200] "GET /phpmyadmin/js/get_scripts.js.php?scripts[]=jquery/jquery-1.8.3.js&scripts[]=ajax.js&scripts[]=keyhandler.js&scripts[]=jquery/jquery-ui-1.9.2.custom.js&scripts[]=jquery/jquery.sprintf.js&scripts[]=jquery/jquery.cookie.js&scripts[]=jquery/jquery.mousewheel.js&scripts[]=jquery/jquery.event.drag-2.2.js&scripts[]=jquery/jquery-ui-timepicker-addon.js&scripts[]=jquery/jquery.ba-hashchange-1.3.js&scripts[]=jquery/jquery.debounce-1.0.5.js&scripts[]=jquery/jquery.menuResizer-1.0.js&scripts[]=rte.js&scripts[]=functions.js&scripts[]=navigation.js&scripts[]=indexes.js&scripts[]=common.js&scripts[]=tbl_structure.js&scripts[]=codemirror/lib/codemirror.js&scripts[]=codemirror/mode/mysql/mysql.js HTTP/1.1" 200 586117
::1 - - [21/Jun/2024:02:08:23 +0200] "GET /phpmyadmin/js/messages.php?lang=nl&db=muhajeer&server=0&token=f2f4555f2b1445fe0211bda1a7021f51 HTTP/1.1" 200 18199
::1 - - [21/Jun/2024:02:08:23 +0200] "GET /phpmyadmin/phpmyadmin.css.php?server=1&token=f2f4555f2b1445fe0211bda1a7021f51&nocache=6869422032ltr HTTP/1.1" 200 92653
::1 - - [21/Jun/2024:02:08:23 +0200] "GET /phpmyadmin/index.php?ajax_request=1&recent_table=1&token=f2f4555f2b1445fe0211bda1a7021f51 HTTP/1.1" 200 751
::1 - - [21/Jun/2024:02:08:29 +0200] "GET /phpmyadmin/tbl_structure.php?db=muhajeer&table=tblbestelling&token=f2f4555f2b1445fe0211bda1a7021f51&goto=tbl_structure.php&back=tbl_structure.php&field=bestelID&change_column=1&ajax_request=true&_nocache=1718928509137745068 HTTP/1.1" 200 38605
::1 - - [21/Jun/2024:02:09:43 +0200] "GET /phpmyadmin/navigation.php?ajax_request=1&token=f2f4555f2b1445fe0211bda1a7021f51&aPath=cm9vdA%3D%3D.bXVoYWplZXI%3D&vPath=cm9vdA%3D%3D.bXVoYWplZXI%3D&pos=0&pos2_name=&pos2_value=&searchClause=&searchClause2=&_nocache=1718928583412385794 HTTP/1.1" 200 3782
::1 - - [21/Jun/2024:02:10:19 +0200] "GET /phpmyadmin/tbl_structure.php?db=muhajeer&table=tblbestelling&token=f2f4555f2b1445fe0211bda1a7021f51&ajax_request=true&ajax_page_request=true&menuHashes=c6801e3d&_nocache=1718928619291739005 HTTP/1.1" 200 37368
::1 - - [21/Jun/2024:02:10:19 +0200] "GET /phpmyadmin/index.php?ajax_request=1&recent_table=1&token=f2f4555f2b1445fe0211bda1a7021f51 HTTP/1.1" 200 751
::1 - - [21/Jun/2024:02:11:40 +0200] "GET /PHP/winkelmandje.php?melding=Product%20is%20toegevoegd! HTTP/1.1" 200 534
::1 - - [21/Jun/2024:02:11:40 +0200] "GET /PHP/winkelmandje.php?melding=Product%20is%20toegevoegd! HTTP/1.1" 200 534
::1 - - [21/Jun/2024:02:12:22 +0200] "GET / HTTP/1.1" 200 335
::1 - - [21/Jun/2024:02:12:24 +0200] "GET /PHP/ HTTP/1.1" 200 1124
::1 - - [21/Jun/2024:02:12:26 +0200] "GET /PHP/Login.php HTTP/1.1" 200 2979
::1 - - [21/Jun/2024:02:12:26 +0200] "GET /CSS/Eindwerk.css HTTP/1.1" 304 -
::1 - - [21/Jun/2024:02:12:30 +0200] "GET /PHP/winkelmandje.php HTTP/1.1" 200 534
::1 - - [21/Jun/2024:02:14:00 +0200] "GET /PHP/winkelmandje.php HTTP/1.1" 200 534
::1 - - [21/Jun/2024:02:14:00 +0200] "GET /PHP/winkelmandje.php HTTP/1.1" 200 534
::1 - - [21/Jun/2024:02:14:01 +0200] "GET /PHP/winkelmandje.php HTTP/1.1" 200 534
